\BOOKMARK [0][-]{chapter*.1}{Abstract}{}% 1
\BOOKMARK [0][-]{chapter*.2}{Declaration}{}% 2
\BOOKMARK [0][-]{chapter.1}{Introduction}{}% 3
\BOOKMARK [1][-]{section.1.1}{Background}{chapter.1}% 4
\BOOKMARK [1][-]{section.1.2}{About this Thesis}{chapter.1}% 5
\BOOKMARK [1][-]{section.1.3}{Conclusion}{chapter.1}% 6
\BOOKMARK [0][-]{chapter.2}{Background Research}{}% 7
\BOOKMARK [1][-]{section.2.1}{Political Motivations behind Subreddits}{chapter.2}% 8
\BOOKMARK [1][-]{section.2.2}{Psychological Traits in Users}{chapter.2}% 9
\BOOKMARK [1][-]{section.2.3}{Significant Events}{chapter.2}% 10
\BOOKMARK [1][-]{section.2.4}{Machine Learning}{chapter.2}% 11
\BOOKMARK [1][-]{section.2.5}{Conclusions}{chapter.2}% 12
\BOOKMARK [0][-]{chapter.3}{Method}{}% 13
\BOOKMARK [1][-]{section.3.1}{The dataset}{chapter.3}% 14
\BOOKMARK [1][-]{section.3.2}{Data preparation}{chapter.3}% 15
\BOOKMARK [1][-]{section.3.3}{Comment features}{chapter.3}% 16
\BOOKMARK [1][-]{section.3.4}{Machine learning experiment}{chapter.3}% 17
\BOOKMARK [1][-]{section.3.5}{Conclusions}{chapter.3}% 18
\BOOKMARK [0][-]{chapter.4}{Results}{}% 19
\BOOKMARK [1][-]{section.4.1}{Conclusions}{chapter.4}% 20
\BOOKMARK [0][-]{chapter.5}{Discussion}{}% 21
\BOOKMARK [1][-]{section.5.1}{Conclusions}{chapter.5}% 22
\BOOKMARK [0][-]{chapter.6}{Conclusion}{}% 23
\BOOKMARK [1][-]{section.6.1}{Conclusions}{chapter.6}% 24
\BOOKMARK [1][-]{section.6.2}{Future Work}{chapter.6}% 25
\BOOKMARK [0][-]{chapter*.7}{Bibliography}{}% 26
